<?xml version="1.0" encoding="UTF-8"?>
<!-- Generated by org.testng.reporters.JUnitReportReporter -->
<testsuite skipped="0" hostname="DESKTOP-BROBCQ3" name="com.rave.qa.pages.SelectDropdownPracticeTest" tests="1" failures="0" timestamp="13 Jul 2018 18:29:24 GMT" time="39.677" errors="0">
  <testcase name="selectFromDropDown" time="39.677" classname="com.rave.qa.pages.SelectDropdownPracticeTest"/>
</testsuite> <!-- com.rave.qa.pages.SelectDropdownPracticeTest -->
