<?xml version="1.0" encoding="UTF-8"?>
<!-- Generated by org.testng.reporters.JUnitReportReporter -->
<testsuite skipped="1" hostname="DESKTOP-BROBCQ3" name="com.rave.qa.testcases.NewContactPageTest" tests="2" failures="0" timestamp="08 Aug 2018 15:07:37 GMT" time="61.269" errors="0">
  <testcase name="createNewContactTest" time="61.156" classname="com.rave.qa.testcases.NewContactPageTest">
    <skipped/>
  </testcase> <!-- createNewContactTest -->
  <testcase name="emptyCreateContactsPopupTest" time="0.113" classname="com.rave.qa.testcases.NewContactPageTest"/>
</testsuite> <!-- com.rave.qa.testcases.NewContactPageTest -->
