<?xml version="1.0" encoding="UTF-8"?>
<!-- Generated by org.testng.reporters.JUnitReportReporter -->
<testsuite skipped="0" hostname="DESKTOP-BROBCQ3" name="com.rave.qa.testcases.SelectDropdownPracticeTest" tests="1" failures="0" timestamp="14 Jul 2018 08:51:56 GMT" time="39.820" errors="0">
  <testcase name="selectFromDropDown" time="39.820" classname="com.rave.qa.testcases.SelectDropdownPracticeTest"/>
</testsuite> <!-- com.rave.qa.testcases.SelectDropdownPracticeTest -->
