<?xml version="1.0" encoding="UTF-8"?>
<!-- Generated by org.testng.reporters.JUnitReportReporter -->
<testsuite skipped="0" hostname="DESKTOP-BROBCQ3" name="com.rave.qa.testdata.LoginPageTest" tests="1" failures="0" timestamp="09 Jul 2018 18:55:00 GMT" time="85.692" errors="0">
  <testcase name="loginTest" time="85.692" classname="com.rave.qa.testdata.LoginPageTest"/>
</testsuite> <!-- com.rave.qa.testdata.LoginPageTest -->
